<?xml version="1.0" encoding="UTF-8"?>
<!-- Generated by org.testng.reporters.JUnitReportReporter -->
<testsuite hostname="IN-4YZC5S3" failures="0" tests="2" name="tests.CardsAPITest" time="1.621" errors="0" timestamp="10 May 2024 13:56:20 GMT" skipped="0">
  <testcase classname="tests.CardsAPITest" name="createCardByNameTest" time="0.692"/>
  <testcase classname="tests.CardsAPITest" name="deleteCard" time="0.929"/>
</testsuite> <!-- tests.CardsAPITest -->
