<?xml version="1.0" encoding="UTF-8"?>
<!-- Generated by org.testng.reporters.JUnitReportReporter -->
<testsuite hostname="IN-4YZC5S3" failures="0" tests="2" name="tests.ListAPITest" time="1.648" errors="0" timestamp="13 May 2024 08:25:54 GMT" skipped="0">
  <testcase classname="tests.ListAPITest" name="deleteListID" time="1.030"/>
  <testcase classname="tests.ListAPITest" name="createListWithNameOnBoardWithID" time="0.618"/>
</testsuite> <!-- tests.ListAPITest -->
