<?xml version="1.0" encoding="UTF-8"?>
<!-- Generated by org.testng.reporters.JUnitReportReporter -->
<testsuite hostname="IN-4YZC5S3" failures="0" tests="7" name="tests.BoardsAPITest" time="20.083" errors="0" timestamp="13 May 2024 08:25:54 GMT" skipped="0">
  <testcase classname="tests.BoardsAPITest" name="testBadRequestIssue" time="0.609"/>
  <testcase classname="tests.BoardsAPITest" name="testWrongResourceIssue" time="0.521"/>
  <testcase classname="tests.BoardsAPITest" name="createBoardByNameTest" time="13.994"/>
  <testcase classname="tests.BoardsAPITest" name="deleteBoardTest" time="1.738"/>
  <testcase classname="tests.BoardsAPITest" name="createBoardByNameTest" time="0.775"/>
  <testcase classname="tests.BoardsAPITest" name="deleteBoardTest" time="1.940"/>
  <testcase classname="tests.BoardsAPITest" name="testWrongCredentialsIssue" time="0.506"/>
</testsuite> <!-- tests.BoardsAPITest -->
