<?xml version="1.0" encoding="UTF-8"?>
<!-- Generated by org.testng.reporters.JUnitReportReporter -->
<testsuite hostname="IN-4YZC5S3" failures="0" tests="2" name="tests.ListAPITest"
	time="1.108" errors="0" timestamp="10 May 2024 13:56:20 GMT" skipped="0">
	<testcase classname="tests.ListAPITest" name="deleteListID" time="0.445" />
	<testcase classname="tests.ListAPITest"
		name="createListWithNameOnBoardWithID" time="0.663" />
</testsuite> <!--
tests.ListAPITest -->
