<?xml version="1.0" encoding="UTF-8"?>
<!-- Generated by org.testng.reporters.JUnitReportReporter -->
<testsuite hostname="IN-4YZC5S3" failures="0" tests="4" name="tests.BoardsAPITest" time="17.248" errors="0" timestamp="10 May 2024 13:56:20 GMT" skipped="0">
  <testcase classname="tests.BoardsAPITest" name="deleteBoardTest" time="1.501"/>
  <testcase classname="tests.BoardsAPITest" name="createBoardByNameTest" time="13.607"/>
  <testcase classname="tests.BoardsAPITest" name="createBoardByNameTest" time="0.654"/>
  <testcase classname="tests.BoardsAPITest" name="deleteBoardTest" time="1.486"/>
</testsuite> <!-- tests.BoardsAPITest -->
