<?xml version="1.0" encoding="UTF-8"?>
<!-- Generated by org.testng.reporters.JUnitReportReporter -->
<testsuite hostname="IN-4YZC5S3" failures="0" tests="3" name="tests.CardsAPITest" time="2.390" errors="0" timestamp="13 May 2024 08:25:54 GMT" skipped="0">
  <testcase classname="tests.CardsAPITest" name="updateCardByNameTest" time="0.695"/>
  <testcase classname="tests.CardsAPITest" name="deleteCard" time="0.973"/>
  <testcase classname="tests.CardsAPITest" name="createCardByNameTest" time="0.722"/>
</testsuite> <!-- tests.CardsAPITest -->
