<?xml version="1.0" encoding="UTF-8"?>
<!-- Generated by org.testng.reporters.JUnitReportReporter -->
<testsuite hostname="IN-4YZC5S3" failures="0" tests="2" name="tests.ListAPITest" time="2.338" errors="0" timestamp="13 May 2024 07:38:25 GMT" skipped="0">
  <testcase classname="tests.ListAPITest" name="createListWithNameOnBoardWithID" time="1.934"/>
  <testcase classname="tests.ListAPITest" name="deleteListID" time="0.404"/>
</testsuite> <!-- tests.ListAPITest -->
