<?xml version="1.0" encoding="UTF-8"?>
<!-- Generated by org.testng.reporters.JUnitReportReporter -->
<testsuite hostname="IN-4YZC5S3" failures="0" tests="3" name="tests.CardsAPITest" time="1.871" errors="0" timestamp="13 May 2024 08:47:00 GMT" skipped="0">
  <testcase classname="tests.CardsAPITest" name="updateCardByNameTest" time="0.489"/>
  <testcase classname="tests.CardsAPITest" name="createCardByNameTest" time="0.578"/>
  <testcase classname="tests.CardsAPITest" name="deleteCard" time="0.804"/>
</testsuite> <!-- tests.CardsAPITest -->
