<?xml version="1.0" encoding="UTF-8"?>
<!-- Generated by org.testng.reporters.JUnitReportReporter -->
<testsuite hostname="IN-4YZC5S3" failures="0" tests="2" name="tests.ListAPITest" time="1.021" errors="0" timestamp="13 May 2024 08:47:00 GMT" skipped="0">
  <testcase classname="tests.ListAPITest" name="createListWithNameOnBoardWithID" time="0.565"/>
  <testcase classname="tests.ListAPITest" name="deleteListID" time="0.456"/>
</testsuite> <!-- tests.ListAPITest -->
