<?xml version="1.0" encoding="UTF-8"?>
<!-- Generated by org.testng.reporters.JUnitReportReporter -->
<testsuite hostname="IN-4YZC5S3" failures="0" tests="7" name="tests.BoardsAPITest" time="19.426" errors="0" timestamp="13 May 2024 08:47:00 GMT" skipped="0">
  <testcase classname="tests.BoardsAPITest" name="createBoardByNameTest" time="14.122"/>
  <testcase classname="tests.BoardsAPITest" name="testWrongCredentialsIssue" time="0.390"/>
  <testcase classname="tests.BoardsAPITest" name="testBadRequestIssue" time="0.443"/>
  <testcase classname="tests.BoardsAPITest" name="testWrongResourceIssue" time="0.430"/>
  <testcase classname="tests.BoardsAPITest" name="deleteBoardTest" time="1.449"/>
  <testcase classname="tests.BoardsAPITest" name="createBoardByNameTest" time="0.754"/>
  <testcase classname="tests.BoardsAPITest" name="deleteBoardTest" time="1.838"/>
</testsuite> <!-- tests.BoardsAPITest -->
