<?xml version="1.0" encoding="UTF-8"?>
<!-- Generated by org.testng.reporters.JUnitReportReporter -->
<testsuite hostname="IN-4YZC5S3" failures="0" tests="2" name="tests.CardsAPITest" time="1.557" errors="0" timestamp="13 May 2024 07:38:25 GMT" skipped="0">
  <testcase classname="tests.CardsAPITest" name="createCardByNameTest" time="0.643"/>
  <testcase classname="tests.CardsAPITest" name="deleteCard" time="0.914"/>
</testsuite> <!-- tests.CardsAPITest -->
