<?xml version="1.0" encoding="UTF-8"?>
<!-- Generated by org.testng.reporters.JUnitReportReporter -->
<testsuite hostname="IN-4YZC5S3" failures="0" tests="7" name="tests.BoardsAPITest" time="20.890" errors="0" timestamp="13 May 2024 07:38:25 GMT" skipped="0">
  <testcase classname="tests.BoardsAPITest" name="testBadRequestIssue" time="0.489"/>
  <testcase classname="tests.BoardsAPITest" name="testWrongCredentialsIssue" time="0.376"/>
  <testcase classname="tests.BoardsAPITest" name="createBoardByNameTest" time="0.659"/>
  <testcase classname="tests.BoardsAPITest" name="createBoardByNameTest" time="14.866"/>
  <testcase classname="tests.BoardsAPITest" name="deleteBoardTest" time="1.935"/>
  <testcase classname="tests.BoardsAPITest" name="testWrongResourceIssue" time="0.571"/>
  <testcase classname="tests.BoardsAPITest" name="deleteBoardTest" time="1.994"/>
</testsuite> <!-- tests.BoardsAPITest -->
